[2026-07-13T08:50:38.807+0000] {manager.py:487} INFO - Processing files using up to 2 processes at a time 
[2026-07-13T08:50:38.807+0000] {manager.py:488} INFO - Process each file at most once every 30 seconds
[2026-07-13T08:50:38.807+0000] {manager.py:489} INFO - Checking for new files in /opt/airflow/dags every 30 seconds
[2026-07-13T08:50:38.808+0000] {manager.py:755} INFO - Searching for files in /opt/airflow/dags
[2026-07-13T08:50:38.809+0000] {manager.py:758} INFO - There are 0 files in /opt/airflow/dags
[2026-07-13T08:51:08.949+0000] {manager.py:755} INFO - Searching for files in /opt/airflow/dags
[2026-07-13T08:51:08.950+0000] {manager.py:758} INFO - There are 0 files in /opt/airflow/dags
[2026-07-13T08:51:39.029+0000] {manager.py:755} INFO - Searching for files in /opt/airflow/dags
[2026-07-13T08:51:39.030+0000] {manager.py:758} INFO - There are 0 files in /opt/airflow/dags
[2026-07-13T08:52:09.102+0000] {manager.py:755} INFO - Searching for files in /opt/airflow/dags
[2026-07-13T08:52:09.102+0000] {manager.py:758} INFO - There are 0 files in /opt/airflow/dags
[2026-07-13T08:52:39.184+0000] {manager.py:755} INFO - Searching for files in /opt/airflow/dags
[2026-07-13T08:52:39.185+0000] {manager.py:758} INFO - There are 0 files in /opt/airflow/dags
[2026-07-13T08:53:09.272+0000] {manager.py:755} INFO - Searching for files in /opt/airflow/dags
[2026-07-13T08:53:09.273+0000] {manager.py:758} INFO - There are 0 files in /opt/airflow/dags
[2026-07-13T08:53:39.368+0000] {manager.py:755} INFO - Searching for files in /opt/airflow/dags
[2026-07-13T08:53:39.369+0000] {manager.py:758} INFO - There are 0 files in /opt/airflow/dags
[2026-07-13T08:54:09.448+0000] {manager.py:755} INFO - Searching for files in /opt/airflow/dags
[2026-07-13T08:54:09.449+0000] {manager.py:758} INFO - There are 0 files in /opt/airflow/dags
[2026-07-13T08:54:39.529+0000] {manager.py:755} INFO - Searching for files in /opt/airflow/dags
[2026-07-13T08:54:39.530+0000] {manager.py:758} INFO - There are 0 files in /opt/airflow/dags
[2026-07-13T08:55:09.601+0000] {manager.py:755} INFO - Searching for files in /opt/airflow/dags
[2026-07-13T08:55:09.601+0000] {manager.py:758} INFO - There are 0 files in /opt/airflow/dags
[2026-07-13T08:55:39.678+0000] {manager.py:755} INFO - Searching for files in /opt/airflow/dags
[2026-07-13T08:55:39.678+0000] {manager.py:758} INFO - There are 0 files in /opt/airflow/dags
[2026-07-13T08:56:09.752+0000] {manager.py:755} INFO - Searching for files in /opt/airflow/dags
[2026-07-13T08:56:09.753+0000] {manager.py:758} INFO - There are 0 files in /opt/airflow/dags
[2026-07-13T08:56:39.827+0000] {manager.py:755} INFO - Searching for files in /opt/airflow/dags
[2026-07-13T08:56:39.828+0000] {manager.py:758} INFO - There are 0 files in /opt/airflow/dags
[2026-07-13T08:57:09.908+0000] {manager.py:755} INFO - Searching for files in /opt/airflow/dags
[2026-07-13T08:57:09.909+0000] {manager.py:758} INFO - There are 0 files in /opt/airflow/dags
[2026-07-13T08:57:39.996+0000] {manager.py:755} INFO - Searching for files in /opt/airflow/dags
[2026-07-13T08:57:39.996+0000] {manager.py:758} INFO - There are 0 files in /opt/airflow/dags
[2026-07-13T08:58:10.076+0000] {manager.py:755} INFO - Searching for files in /opt/airflow/dags
[2026-07-13T08:58:10.077+0000] {manager.py:758} INFO - There are 0 files in /opt/airflow/dags
[2026-07-13T08:58:40.171+0000] {manager.py:755} INFO - Searching for files in /opt/airflow/dags
[2026-07-13T08:58:40.172+0000] {manager.py:758} INFO - There are 0 files in /opt/airflow/dags
[2026-07-13T08:59:10.256+0000] {manager.py:755} INFO - Searching for files in /opt/airflow/dags
[2026-07-13T08:59:10.257+0000] {manager.py:758} INFO - There are 0 files in /opt/airflow/dags
[2026-07-13T08:59:40.345+0000] {manager.py:755} INFO - Searching for files in /opt/airflow/dags
[2026-07-13T08:59:40.346+0000] {manager.py:758} INFO - There are 0 files in /opt/airflow/dags
[2026-07-13T09:00:10.441+0000] {manager.py:755} INFO - Searching for files in /opt/airflow/dags
[2026-07-13T09:00:10.441+0000] {manager.py:758} INFO - There are 0 files in /opt/airflow/dags
[2026-07-13T09:00:40.520+0000] {manager.py:755} INFO - Searching for files in /opt/airflow/dags
[2026-07-13T09:00:40.521+0000] {manager.py:758} INFO - There are 0 files in /opt/airflow/dags
[2026-07-13T09:01:10.604+0000] {manager.py:755} INFO - Searching for files in /opt/airflow/dags
[2026-07-13T09:01:10.605+0000] {manager.py:758} INFO - There are 0 files in /opt/airflow/dags
[2026-07-13T09:01:40.696+0000] {manager.py:755} INFO - Searching for files in /opt/airflow/dags
[2026-07-13T09:01:40.696+0000] {manager.py:758} INFO - There are 0 files in /opt/airflow/dags
[2026-07-13T09:02:10.777+0000] {manager.py:755} INFO - Searching for files in /opt/airflow/dags
[2026-07-13T09:02:10.777+0000] {manager.py:758} INFO - There are 0 files in /opt/airflow/dags
[2026-07-13T09:02:40.858+0000] {manager.py:755} INFO - Searching for files in /opt/airflow/dags
[2026-07-13T09:02:40.858+0000] {manager.py:758} INFO - There are 0 files in /opt/airflow/dags
[2026-07-13T09:03:10.934+0000] {manager.py:755} INFO - Searching for files in /opt/airflow/dags
[2026-07-13T09:03:10.934+0000] {manager.py:758} INFO - There are 0 files in /opt/airflow/dags
[2026-07-13T09:03:41.030+0000] {manager.py:755} INFO - Searching for files in /opt/airflow/dags
[2026-07-13T09:03:41.031+0000] {manager.py:758} INFO - There are 0 files in /opt/airflow/dags
[2026-07-13T09:04:11.105+0000] {manager.py:755} INFO - Searching for files in /opt/airflow/dags
[2026-07-13T09:04:11.107+0000] {manager.py:758} INFO - There are 0 files in /opt/airflow/dags
[2026-07-13T09:04:41.162+0000] {manager.py:755} INFO - Searching for files in /opt/airflow/dags
[2026-07-13T09:04:41.162+0000] {manager.py:758} INFO - There are 0 files in /opt/airflow/dags
[2026-07-13T09:05:11.239+0000] {manager.py:755} INFO - Searching for files in /opt/airflow/dags
[2026-07-13T09:05:11.240+0000] {manager.py:758} INFO - There are 0 files in /opt/airflow/dags
[2026-07-13T09:05:41.325+0000] {manager.py:755} INFO - Searching for files in /opt/airflow/dags
[2026-07-13T09:05:41.325+0000] {manager.py:758} INFO - There are 0 files in /opt/airflow/dags
[2026-07-13T09:06:11.402+0000] {manager.py:755} INFO - Searching for files in /opt/airflow/dags
[2026-07-13T09:06:11.403+0000] {manager.py:758} INFO - There are 0 files in /opt/airflow/dags
[2026-07-13T09:06:41.488+0000] {manager.py:755} INFO - Searching for files in /opt/airflow/dags
[2026-07-13T09:06:41.489+0000] {manager.py:758} INFO - There are 0 files in /opt/airflow/dags
[2026-07-13T09:07:11.574+0000] {manager.py:755} INFO - Searching for files in /opt/airflow/dags
[2026-07-13T09:07:11.574+0000] {manager.py:758} INFO - There are 0 files in /opt/airflow/dags
[2026-07-13T09:07:41.663+0000] {manager.py:755} INFO - Searching for files in /opt/airflow/dags
[2026-07-13T09:07:41.663+0000] {manager.py:758} INFO - There are 0 files in /opt/airflow/dags
[2026-07-13T09:08:11.748+0000] {manager.py:755} INFO - Searching for files in /opt/airflow/dags
[2026-07-13T09:08:11.748+0000] {manager.py:758} INFO - There are 0 files in /opt/airflow/dags
[2026-07-13T09:08:41.820+0000] {manager.py:755} INFO - Searching for files in /opt/airflow/dags
[2026-07-13T09:08:41.820+0000] {manager.py:758} INFO - There are 0 files in /opt/airflow/dags
[2026-07-13T09:09:11.886+0000] {manager.py:755} INFO - Searching for files in /opt/airflow/dags
[2026-07-13T09:09:11.887+0000] {manager.py:758} INFO - There are 0 files in /opt/airflow/dags
[2026-07-13T09:09:41.959+0000] {manager.py:755} INFO - Searching for files in /opt/airflow/dags
[2026-07-13T09:09:41.959+0000] {manager.py:758} INFO - There are 0 files in /opt/airflow/dags
[2026-07-13T09:10:12.035+0000] {manager.py:755} INFO - Searching for files in /opt/airflow/dags
[2026-07-13T09:10:12.036+0000] {manager.py:758} INFO - There are 0 files in /opt/airflow/dags
[2026-07-13T09:10:42.107+0000] {manager.py:755} INFO - Searching for files in /opt/airflow/dags
[2026-07-13T09:10:42.108+0000] {manager.py:758} INFO - There are 0 files in /opt/airflow/dags
[2026-07-13T09:11:12.168+0000] {manager.py:755} INFO - Searching for files in /opt/airflow/dags
[2026-07-13T09:11:12.170+0000] {manager.py:758} INFO - There are 0 files in /opt/airflow/dags
[2026-07-13T09:11:42.239+0000] {manager.py:755} INFO - Searching for files in /opt/airflow/dags
[2026-07-13T09:11:42.239+0000] {manager.py:758} INFO - There are 0 files in /opt/airflow/dags
[2026-07-13T09:12:12.306+0000] {manager.py:755} INFO - Searching for files in /opt/airflow/dags
[2026-07-13T09:12:12.308+0000] {manager.py:758} INFO - There are 0 files in /opt/airflow/dags
[2026-07-13T09:12:42.358+0000] {manager.py:755} INFO - Searching for files in /opt/airflow/dags
[2026-07-13T09:12:42.358+0000] {manager.py:758} INFO - There are 0 files in /opt/airflow/dags
[2026-07-13T09:13:12.430+0000] {manager.py:755} INFO - Searching for files in /opt/airflow/dags
[2026-07-13T09:13:12.430+0000] {manager.py:758} INFO - There are 0 files in /opt/airflow/dags
[2026-07-13T09:13:42.485+0000] {manager.py:755} INFO - Searching for files in /opt/airflow/dags
[2026-07-13T09:13:42.485+0000] {manager.py:758} INFO - There are 0 files in /opt/airflow/dags
[2026-07-13T09:14:12.539+0000] {manager.py:755} INFO - Searching for files in /opt/airflow/dags
[2026-07-13T09:14:12.540+0000] {manager.py:758} INFO - There are 0 files in /opt/airflow/dags
[2026-07-13T09:14:42.620+0000] {manager.py:755} INFO - Searching for files in /opt/airflow/dags
[2026-07-13T09:14:42.620+0000] {manager.py:758} INFO - There are 0 files in /opt/airflow/dags
[2026-07-13T09:15:12.690+0000] {manager.py:755} INFO - Searching for files in /opt/airflow/dags
[2026-07-13T09:15:12.692+0000] {manager.py:758} INFO - There are 0 files in /opt/airflow/dags
[2026-07-13T09:15:42.762+0000] {manager.py:755} INFO - Searching for files in /opt/airflow/dags
[2026-07-13T09:15:42.762+0000] {manager.py:758} INFO - There are 0 files in /opt/airflow/dags
[2026-07-13T09:16:12.833+0000] {manager.py:755} INFO - Searching for files in /opt/airflow/dags
[2026-07-13T09:16:12.835+0000] {manager.py:758} INFO - There are 0 files in /opt/airflow/dags
[2026-07-13T09:16:42.895+0000] {manager.py:755} INFO - Searching for files in /opt/airflow/dags
[2026-07-13T09:16:42.895+0000] {manager.py:758} INFO - There are 0 files in /opt/airflow/dags
[2026-07-13T09:17:12.954+0000] {manager.py:755} INFO - Searching for files in /opt/airflow/dags
[2026-07-13T09:17:12.954+0000] {manager.py:758} INFO - There are 0 files in /opt/airflow/dags
[2026-07-13T09:17:43.020+0000] {manager.py:755} INFO - Searching for files in /opt/airflow/dags
[2026-07-13T09:17:43.021+0000] {manager.py:758} INFO - There are 0 files in /opt/airflow/dags
[2026-07-13T09:18:13.096+0000] {manager.py:755} INFO - Searching for files in /opt/airflow/dags
[2026-07-13T09:18:13.098+0000] {manager.py:758} INFO - There are 0 files in /opt/airflow/dags
[2026-07-13T09:18:43.169+0000] {manager.py:755} INFO - Searching for files in /opt/airflow/dags
[2026-07-13T09:18:43.170+0000] {manager.py:758} INFO - There are 0 files in /opt/airflow/dags
[2026-07-13T09:19:13.239+0000] {manager.py:755} INFO - Searching for files in /opt/airflow/dags
[2026-07-13T09:19:13.240+0000] {manager.py:758} INFO - There are 0 files in /opt/airflow/dags
[2026-07-13T09:19:43.298+0000] {manager.py:755} INFO - Searching for files in /opt/airflow/dags
[2026-07-13T09:19:43.298+0000] {manager.py:758} INFO - There are 0 files in /opt/airflow/dags
[2026-07-13T09:20:13.369+0000] {manager.py:755} INFO - Searching for files in /opt/airflow/dags
[2026-07-13T09:20:13.369+0000] {manager.py:758} INFO - There are 0 files in /opt/airflow/dags
[2026-07-13T09:20:43.458+0000] {manager.py:755} INFO - Searching for files in /opt/airflow/dags
[2026-07-13T09:20:43.458+0000] {manager.py:758} INFO - There are 0 files in /opt/airflow/dags
[2026-07-13T09:21:13.508+0000] {manager.py:755} INFO - Searching for files in /opt/airflow/dags
[2026-07-13T09:21:13.510+0000] {manager.py:758} INFO - There are 0 files in /opt/airflow/dags
[2026-07-13T09:21:43.577+0000] {manager.py:755} INFO - Searching for files in /opt/airflow/dags
[2026-07-13T09:21:43.578+0000] {manager.py:758} INFO - There are 0 files in /opt/airflow/dags
[2026-07-13T09:22:13.642+0000] {manager.py:755} INFO - Searching for files in /opt/airflow/dags
[2026-07-13T09:22:13.643+0000] {manager.py:758} INFO - There are 0 files in /opt/airflow/dags
[2026-07-13T09:22:43.720+0000] {manager.py:755} INFO - Searching for files in /opt/airflow/dags
[2026-07-13T09:22:43.720+0000] {manager.py:758} INFO - There are 0 files in /opt/airflow/dags
[2026-07-13T09:23:13.808+0000] {manager.py:755} INFO - Searching for files in /opt/airflow/dags
[2026-07-13T09:23:13.809+0000] {manager.py:758} INFO - There are 0 files in /opt/airflow/dags
[2026-07-13T09:23:43.889+0000] {manager.py:755} INFO - Searching for files in /opt/airflow/dags
[2026-07-13T09:23:43.890+0000] {manager.py:758} INFO - There are 0 files in /opt/airflow/dags
[2026-07-13T09:24:13.948+0000] {manager.py:755} INFO - Searching for files in /opt/airflow/dags
[2026-07-13T09:24:13.950+0000] {manager.py:758} INFO - There are 0 files in /opt/airflow/dags
[2026-07-13T09:24:44.030+0000] {manager.py:755} INFO - Searching for files in /opt/airflow/dags
[2026-07-13T09:24:44.030+0000] {manager.py:758} INFO - There are 0 files in /opt/airflow/dags
[2026-07-13T09:25:14.092+0000] {manager.py:755} INFO - Searching for files in /opt/airflow/dags
[2026-07-13T09:25:14.094+0000] {manager.py:758} INFO - There are 0 files in /opt/airflow/dags
[2026-07-13T09:25:44.166+0000] {manager.py:755} INFO - Searching for files in /opt/airflow/dags
[2026-07-13T09:25:44.166+0000] {manager.py:758} INFO - There are 0 files in /opt/airflow/dags
[2026-07-13T09:26:14.251+0000] {manager.py:755} INFO - Searching for files in /opt/airflow/dags
[2026-07-13T09:26:14.256+0000] {manager.py:758} INFO - There are 0 files in /opt/airflow/dags
[2026-07-13T09:26:44.390+0000] {manager.py:755} INFO - Searching for files in /opt/airflow/dags
[2026-07-13T09:26:44.390+0000] {manager.py:758} INFO - There are 0 files in /opt/airflow/dags
[2026-07-13T09:27:14.462+0000] {manager.py:755} INFO - Searching for files in /opt/airflow/dags
[2026-07-13T09:27:14.463+0000] {manager.py:758} INFO - There are 0 files in /opt/airflow/dags
[2026-07-13T09:27:44.527+0000] {manager.py:755} INFO - Searching for files in /opt/airflow/dags
[2026-07-13T09:27:44.528+0000] {manager.py:758} INFO - There are 0 files in /opt/airflow/dags
[2026-07-13T09:28:14.597+0000] {manager.py:755} INFO - Searching for files in /opt/airflow/dags
[2026-07-13T09:28:14.598+0000] {manager.py:758} INFO - There are 0 files in /opt/airflow/dags
[2026-07-13T09:28:44.674+0000] {manager.py:755} INFO - Searching for files in /opt/airflow/dags
[2026-07-13T09:28:44.674+0000] {manager.py:758} INFO - There are 0 files in /opt/airflow/dags
[2026-07-13T09:29:14.740+0000] {manager.py:755} INFO - Searching for files in /opt/airflow/dags
[2026-07-13T09:29:14.741+0000] {manager.py:758} INFO - There are 0 files in /opt/airflow/dags
[2026-07-13T09:29:44.801+0000] {manager.py:755} INFO - Searching for files in /opt/airflow/dags
[2026-07-13T09:29:44.801+0000] {manager.py:758} INFO - There are 0 files in /opt/airflow/dags
[2026-07-13T09:30:14.875+0000] {manager.py:755} INFO - Searching for files in /opt/airflow/dags
[2026-07-13T09:30:14.883+0000] {manager.py:758} INFO - There are 0 files in /opt/airflow/dags
[2026-07-13T09:30:44.940+0000] {manager.py:755} INFO - Searching for files in /opt/airflow/dags
[2026-07-13T09:30:44.940+0000] {manager.py:758} INFO - There are 0 files in /opt/airflow/dags
[2026-07-13T09:31:15.017+0000] {manager.py:755} INFO - Searching for files in /opt/airflow/dags
[2026-07-13T09:31:15.025+0000] {manager.py:758} INFO - There are 0 files in /opt/airflow/dags
[2026-07-13T09:31:45.090+0000] {manager.py:755} INFO - Searching for files in /opt/airflow/dags
[2026-07-13T09:31:45.090+0000] {manager.py:758} INFO - There are 0 files in /opt/airflow/dags
[2026-07-13T09:32:15.175+0000] {manager.py:755} INFO - Searching for files in /opt/airflow/dags
[2026-07-13T09:32:15.183+0000] {manager.py:758} INFO - There are 0 files in /opt/airflow/dags
[2026-07-13T09:32:45.222+0000] {manager.py:755} INFO - Searching for files in /opt/airflow/dags
[2026-07-13T09:32:45.222+0000] {manager.py:758} INFO - There are 0 files in /opt/airflow/dags
[2026-07-13T09:33:15.291+0000] {manager.py:755} INFO - Searching for files in /opt/airflow/dags
[2026-07-13T09:33:15.292+0000] {manager.py:758} INFO - There are 0 files in /opt/airflow/dags
[2026-07-13T09:33:45.367+0000] {manager.py:755} INFO - Searching for files in /opt/airflow/dags
[2026-07-13T09:33:45.368+0000] {manager.py:758} INFO - There are 0 files in /opt/airflow/dags
[2026-07-13T09:34:15.431+0000] {manager.py:755} INFO - Searching for files in /opt/airflow/dags
[2026-07-13T09:34:15.440+0000] {manager.py:758} INFO - There are 0 files in /opt/airflow/dags
[2026-07-13T09:34:45.500+0000] {manager.py:755} INFO - Searching for files in /opt/airflow/dags
[2026-07-13T09:34:45.501+0000] {manager.py:758} INFO - There are 0 files in /opt/airflow/dags
[2026-07-13T09:35:15.564+0000] {manager.py:755} INFO - Searching for files in /opt/airflow/dags
[2026-07-13T09:35:15.567+0000] {manager.py:758} INFO - There are 0 files in /opt/airflow/dags
[2026-07-13T09:35:45.643+0000] {manager.py:755} INFO - Searching for files in /opt/airflow/dags
[2026-07-13T09:35:45.643+0000] {manager.py:758} INFO - There are 0 files in /opt/airflow/dags
[2026-07-13T09:36:15.702+0000] {manager.py:755} INFO - Searching for files in /opt/airflow/dags
[2026-07-13T09:36:15.703+0000] {manager.py:758} INFO - There are 0 files in /opt/airflow/dags
[2026-07-13T09:36:45.755+0000] {manager.py:755} INFO - Searching for files in /opt/airflow/dags
[2026-07-13T09:36:45.756+0000] {manager.py:758} INFO - There are 0 files in /opt/airflow/dags
[2026-07-13T09:37:15.831+0000] {manager.py:755} INFO - Searching for files in /opt/airflow/dags
[2026-07-13T09:37:15.833+0000] {manager.py:758} INFO - There are 0 files in /opt/airflow/dags
[2026-07-13T09:37:45.891+0000] {manager.py:755} INFO - Searching for files in /opt/airflow/dags
[2026-07-13T09:37:45.891+0000] {manager.py:758} INFO - There are 0 files in /opt/airflow/dags
[2026-07-13T09:38:15.945+0000] {manager.py:755} INFO - Searching for files in /opt/airflow/dags
[2026-07-13T09:38:15.946+0000] {manager.py:758} INFO - There are 0 files in /opt/airflow/dags
[2026-07-13T09:38:46.013+0000] {manager.py:755} INFO - Searching for files in /opt/airflow/dags
[2026-07-13T09:38:46.014+0000] {manager.py:758} INFO - There are 0 files in /opt/airflow/dags
[2026-07-13T09:39:16.096+0000] {manager.py:755} INFO - Searching for files in /opt/airflow/dags
[2026-07-13T09:39:16.097+0000] {manager.py:758} INFO - There are 0 files in /opt/airflow/dags
[2026-07-13T09:39:46.162+0000] {manager.py:755} INFO - Searching for files in /opt/airflow/dags
[2026-07-13T09:39:46.162+0000] {manager.py:758} INFO - There are 0 files in /opt/airflow/dags
[2026-07-13T09:40:16.213+0000] {manager.py:755} INFO - Searching for files in /opt/airflow/dags
[2026-07-13T09:40:16.214+0000] {manager.py:758} INFO - There are 0 files in /opt/airflow/dags
[2026-07-13T09:40:46.277+0000] {manager.py:755} INFO - Searching for files in /opt/airflow/dags
[2026-07-13T09:40:46.277+0000] {manager.py:758} INFO - There are 0 files in /opt/airflow/dags
[2026-07-13T09:41:16.318+0000] {manager.py:755} INFO - Searching for files in /opt/airflow/dags
[2026-07-13T09:41:16.319+0000] {manager.py:758} INFO - There are 0 files in /opt/airflow/dags
[2026-07-13T09:41:46.371+0000] {manager.py:755} INFO - Searching for files in /opt/airflow/dags
[2026-07-13T09:41:46.372+0000] {manager.py:758} INFO - There are 0 files in /opt/airflow/dags
[2026-07-13T09:42:16.420+0000] {manager.py:755} INFO - Searching for files in /opt/airflow/dags
[2026-07-13T09:42:16.421+0000] {manager.py:758} INFO - There are 0 files in /opt/airflow/dags
[2026-07-13T09:42:46.489+0000] {manager.py:755} INFO - Searching for files in /opt/airflow/dags
[2026-07-13T09:42:46.489+0000] {manager.py:758} INFO - There are 0 files in /opt/airflow/dags
[2026-07-13T09:43:16.560+0000] {manager.py:755} INFO - Searching for files in /opt/airflow/dags
[2026-07-13T09:43:16.568+0000] {manager.py:758} INFO - There are 0 files in /opt/airflow/dags
[2026-07-13T09:43:46.632+0000] {manager.py:755} INFO - Searching for files in /opt/airflow/dags
[2026-07-13T09:43:46.639+0000] {manager.py:758} INFO - There are 0 files in /opt/airflow/dags
[2026-07-13T09:44:16.700+0000] {manager.py:755} INFO - Searching for files in /opt/airflow/dags
[2026-07-13T09:44:16.701+0000] {manager.py:758} INFO - There are 0 files in /opt/airflow/dags
[2026-07-13T09:44:46.778+0000] {manager.py:755} INFO - Searching for files in /opt/airflow/dags
[2026-07-13T09:44:46.778+0000] {manager.py:758} INFO - There are 0 files in /opt/airflow/dags
[2026-07-13T09:45:16.844+0000] {manager.py:755} INFO - Searching for files in /opt/airflow/dags
[2026-07-13T09:45:16.846+0000] {manager.py:758} INFO - There are 0 files in /opt/airflow/dags
[2026-07-13T09:45:46.918+0000] {manager.py:755} INFO - Searching for files in /opt/airflow/dags
[2026-07-13T09:45:46.919+0000] {manager.py:758} INFO - There are 0 files in /opt/airflow/dags
[2026-07-13T09:46:16.983+0000] {manager.py:755} INFO - Searching for files in /opt/airflow/dags
[2026-07-13T09:46:16.990+0000] {manager.py:758} INFO - There are 0 files in /opt/airflow/dags
[2026-07-13T09:46:47.066+0000] {manager.py:755} INFO - Searching for files in /opt/airflow/dags
[2026-07-13T09:46:47.066+0000] {manager.py:758} INFO - There are 0 files in /opt/airflow/dags
[2026-07-13T09:47:17.143+0000] {manager.py:755} INFO - Searching for files in /opt/airflow/dags
[2026-07-13T09:47:17.144+0000] {manager.py:758} INFO - There are 0 files in /opt/airflow/dags
[2026-07-13T09:47:47.189+0000] {manager.py:755} INFO - Searching for files in /opt/airflow/dags
[2026-07-13T09:47:47.189+0000] {manager.py:758} INFO - There are 0 files in /opt/airflow/dags
[2026-07-13T09:48:17.251+0000] {manager.py:755} INFO - Searching for files in /opt/airflow/dags
[2026-07-13T09:48:17.259+0000] {manager.py:758} INFO - There are 0 files in /opt/airflow/dags
[2026-07-13T09:48:47.324+0000] {manager.py:755} INFO - Searching for files in /opt/airflow/dags
[2026-07-13T09:48:47.325+0000] {manager.py:758} INFO - There are 0 files in /opt/airflow/dags
[2026-07-13T09:49:17.399+0000] {manager.py:755} INFO - Searching for files in /opt/airflow/dags
[2026-07-13T09:49:17.407+0000] {manager.py:758} INFO - There are 0 files in /opt/airflow/dags
[2026-07-13T09:49:47.468+0000] {manager.py:755} INFO - Searching for files in /opt/airflow/dags
[2026-07-13T09:49:47.469+0000] {manager.py:758} INFO - There are 0 files in /opt/airflow/dags
[2026-07-13T09:50:17.549+0000] {manager.py:755} INFO - Searching for files in /opt/airflow/dags
[2026-07-13T09:50:17.550+0000] {manager.py:758} INFO - There are 0 files in /opt/airflow/dags
[2026-07-13T09:50:47.633+0000] {manager.py:755} INFO - Searching for files in /opt/airflow/dags
[2026-07-13T09:50:47.634+0000] {manager.py:758} INFO - There are 0 files in /opt/airflow/dags
[2026-07-13T09:51:17.685+0000] {manager.py:755} INFO - Searching for files in /opt/airflow/dags
[2026-07-13T09:51:17.686+0000] {manager.py:758} INFO - There are 0 files in /opt/airflow/dags
[2026-07-13T09:51:47.738+0000] {manager.py:755} INFO - Searching for files in /opt/airflow/dags
[2026-07-13T09:51:47.738+0000] {manager.py:758} INFO - There are 0 files in /opt/airflow/dags
[2026-07-13T09:52:17.787+0000] {manager.py:755} INFO - Searching for files in /opt/airflow/dags
[2026-07-13T09:52:17.788+0000] {manager.py:758} INFO - There are 0 files in /opt/airflow/dags
[2026-07-13T09:52:47.823+0000] {manager.py:755} INFO - Searching for files in /opt/airflow/dags
[2026-07-13T09:52:47.824+0000] {manager.py:758} INFO - There are 0 files in /opt/airflow/dags
[2026-07-13T09:53:17.874+0000] {manager.py:755} INFO - Searching for files in /opt/airflow/dags
[2026-07-13T09:53:17.874+0000] {manager.py:758} INFO - There are 0 files in /opt/airflow/dags
[2026-07-13T09:53:47.934+0000] {manager.py:755} INFO - Searching for files in /opt/airflow/dags
[2026-07-13T09:53:47.934+0000] {manager.py:758} INFO - There are 0 files in /opt/airflow/dags
[2026-07-13T09:54:17.982+0000] {manager.py:755} INFO - Searching for files in /opt/airflow/dags
[2026-07-13T09:54:17.983+0000] {manager.py:758} INFO - There are 0 files in /opt/airflow/dags
[2026-07-13T09:54:48.046+0000] {manager.py:755} INFO - Searching for files in /opt/airflow/dags
[2026-07-13T09:54:48.046+0000] {manager.py:758} INFO - There are 0 files in /opt/airflow/dags
[2026-07-13T09:55:18.097+0000] {manager.py:755} INFO - Searching for files in /opt/airflow/dags
[2026-07-13T09:55:18.098+0000] {manager.py:758} INFO - There are 0 files in /opt/airflow/dags
[2026-07-13T09:55:48.146+0000] {manager.py:755} INFO - Searching for files in /opt/airflow/dags
[2026-07-13T09:55:48.147+0000] {manager.py:758} INFO - There are 0 files in /opt/airflow/dags
[2026-07-13T09:56:18.205+0000] {manager.py:755} INFO - Searching for files in /opt/airflow/dags
[2026-07-13T09:56:18.212+0000] {manager.py:758} INFO - There are 0 files in /opt/airflow/dags
[2026-07-13T09:56:48.256+0000] {manager.py:755} INFO - Searching for files in /opt/airflow/dags
[2026-07-13T09:56:48.257+0000] {manager.py:758} INFO - There are 0 files in /opt/airflow/dags
[2026-07-13T09:57:18.295+0000] {manager.py:755} INFO - Searching for files in /opt/airflow/dags
[2026-07-13T09:57:18.296+0000] {manager.py:758} INFO - There are 0 files in /opt/airflow/dags
[2026-07-13T09:57:48.362+0000] {manager.py:755} INFO - Searching for files in /opt/airflow/dags
[2026-07-13T09:57:48.362+0000] {manager.py:758} INFO - There are 0 files in /opt/airflow/dags
[2026-07-13T09:58:18.413+0000] {manager.py:755} INFO - Searching for files in /opt/airflow/dags
[2026-07-13T09:58:18.414+0000] {manager.py:758} INFO - There are 0 files in /opt/airflow/dags
[2026-07-13T09:58:48.470+0000] {manager.py:755} INFO - Searching for files in /opt/airflow/dags
[2026-07-13T09:58:48.471+0000] {manager.py:758} INFO - There are 0 files in /opt/airflow/dags
[2026-07-13T09:59:18.513+0000] {manager.py:755} INFO - Searching for files in /opt/airflow/dags
[2026-07-13T09:59:18.520+0000] {manager.py:758} INFO - There are 0 files in /opt/airflow/dags
[2026-07-13T09:59:48.595+0000] {manager.py:755} INFO - Searching for files in /opt/airflow/dags
[2026-07-13T09:59:48.595+0000] {manager.py:758} INFO - There are 0 files in /opt/airflow/dags
[2026-07-13T10:00:18.641+0000] {manager.py:755} INFO - Searching for files in /opt/airflow/dags
[2026-07-13T10:00:18.648+0000] {manager.py:758} INFO - There are 0 files in /opt/airflow/dags
[2026-07-13T10:00:48.685+0000] {manager.py:755} INFO - Searching for files in /opt/airflow/dags
[2026-07-13T10:00:48.685+0000] {manager.py:758} INFO - There are 0 files in /opt/airflow/dags
[2026-07-13T10:01:18.730+0000] {manager.py:755} INFO - Searching for files in /opt/airflow/dags
[2026-07-13T10:01:18.738+0000] {manager.py:758} INFO - There are 0 files in /opt/airflow/dags
[2026-07-13T10:01:48.787+0000] {manager.py:755} INFO - Searching for files in /opt/airflow/dags
[2026-07-13T10:01:48.788+0000] {manager.py:758} INFO - There are 0 files in /opt/airflow/dags
[2026-07-13T10:02:18.861+0000] {manager.py:755} INFO - Searching for files in /opt/airflow/dags
[2026-07-13T10:02:18.862+0000] {manager.py:758} INFO - There are 0 files in /opt/airflow/dags
[2026-07-13T10:02:48.910+0000] {manager.py:755} INFO - Searching for files in /opt/airflow/dags
[2026-07-13T10:02:48.911+0000] {manager.py:758} INFO - There are 0 files in /opt/airflow/dags
[2026-07-13T10:03:18.951+0000] {manager.py:755} INFO - Searching for files in /opt/airflow/dags
[2026-07-13T10:03:18.952+0000] {manager.py:758} INFO - There are 0 files in /opt/airflow/dags
[2026-07-13T10:03:49.014+0000] {manager.py:755} INFO - Searching for files in /opt/airflow/dags
[2026-07-13T10:03:49.014+0000] {manager.py:758} INFO - There are 0 files in /opt/airflow/dags
[2026-07-13T10:04:19.057+0000] {manager.py:755} INFO - Searching for files in /opt/airflow/dags
[2026-07-13T10:04:19.065+0000] {manager.py:758} INFO - There are 0 files in /opt/airflow/dags
[2026-07-13T10:04:49.102+0000] {manager.py:755} INFO - Searching for files in /opt/airflow/dags
[2026-07-13T10:04:49.102+0000] {manager.py:758} INFO - There are 0 files in /opt/airflow/dags
[2026-07-13T10:05:19.143+0000] {manager.py:755} INFO - Searching for files in /opt/airflow/dags
[2026-07-13T10:05:19.144+0000] {manager.py:758} INFO - There are 0 files in /opt/airflow/dags
[2026-07-13T10:05:49.200+0000] {manager.py:755} INFO - Searching for files in /opt/airflow/dags
[2026-07-13T10:05:49.201+0000] {manager.py:758} INFO - There are 0 files in /opt/airflow/dags
[2026-07-13T10:06:19.241+0000] {manager.py:755} INFO - Searching for files in /opt/airflow/dags
[2026-07-13T10:06:19.242+0000] {manager.py:758} INFO - There are 0 files in /opt/airflow/dags
[2026-07-13T10:06:49.272+0000] {manager.py:755} INFO - Searching for files in /opt/airflow/dags
[2026-07-13T10:06:49.272+0000] {manager.py:758} INFO - There are 0 files in /opt/airflow/dags
[2026-07-13T10:07:19.315+0000] {manager.py:755} INFO - Searching for files in /opt/airflow/dags
[2026-07-13T10:07:19.323+0000] {manager.py:758} INFO - There are 0 files in /opt/airflow/dags
[2026-07-13T10:07:49.371+0000] {manager.py:755} INFO - Searching for files in /opt/airflow/dags
[2026-07-13T10:07:49.371+0000] {manager.py:758} INFO - There are 0 files in /opt/airflow/dags
[2026-07-13T10:08:19.429+0000] {manager.py:755} INFO - Searching for files in /opt/airflow/dags
[2026-07-13T10:08:19.430+0000] {manager.py:758} INFO - There are 0 files in /opt/airflow/dags
[2026-07-13T10:08:49.476+0000] {manager.py:755} INFO - Searching for files in /opt/airflow/dags
[2026-07-13T10:08:49.476+0000] {manager.py:758} INFO - There are 0 files in /opt/airflow/dags
[2026-07-13T10:09:19.524+0000] {manager.py:755} INFO - Searching for files in /opt/airflow/dags
[2026-07-13T10:09:19.525+0000] {manager.py:758} INFO - There are 0 files in /opt/airflow/dags
[2026-07-13T10:09:49.572+0000] {manager.py:755} INFO - Searching for files in /opt/airflow/dags
[2026-07-13T10:09:49.580+0000] {manager.py:758} INFO - There are 0 files in /opt/airflow/dags
[2026-07-13T10:10:19.629+0000] {manager.py:755} INFO - Searching for files in /opt/airflow/dags
[2026-07-13T10:10:19.686+0000] {manager.py:758} INFO - There are 0 files in /opt/airflow/dags
[2026-07-13T10:10:49.725+0000] {manager.py:755} INFO - Searching for files in /opt/airflow/dags
[2026-07-13T10:10:49.725+0000] {manager.py:758} INFO - There are 0 files in /opt/airflow/dags
[2026-07-13T10:11:19.773+0000] {manager.py:755} INFO - Searching for files in /opt/airflow/dags
[2026-07-13T10:11:19.775+0000] {manager.py:758} INFO - There are 0 files in /opt/airflow/dags
[2026-07-13T10:11:49.815+0000] {manager.py:755} INFO - Searching for files in /opt/airflow/dags
[2026-07-13T10:11:49.815+0000] {manager.py:758} INFO - There are 0 files in /opt/airflow/dags
[2026-07-13T10:12:19.853+0000] {manager.py:755} INFO - Searching for files in /opt/airflow/dags
[2026-07-13T10:12:19.854+0000] {manager.py:758} INFO - There are 0 files in /opt/airflow/dags
[2026-07-13T10:12:49.905+0000] {manager.py:755} INFO - Searching for files in /opt/airflow/dags
[2026-07-13T10:12:49.905+0000] {manager.py:758} INFO - There are 0 files in /opt/airflow/dags
[2026-07-13T10:13:19.966+0000] {manager.py:755} INFO - Searching for files in /opt/airflow/dags
[2026-07-13T10:13:19.968+0000] {manager.py:758} INFO - There are 0 files in /opt/airflow/dags
[2026-07-13T10:13:49.998+0000] {manager.py:755} INFO - Searching for files in /opt/airflow/dags
[2026-07-13T10:13:49.999+0000] {manager.py:758} INFO - There are 0 files in /opt/airflow/dags
[2026-07-13T10:14:20.964+0000] {manager.py:755} INFO - Searching for files in /opt/airflow/dags
[2026-07-13T10:14:20.964+0000] {manager.py:758} INFO - There are 0 files in /opt/airflow/dags
[2026-07-13T10:14:51.022+0000] {manager.py:755} INFO - Searching for files in /opt/airflow/dags
[2026-07-13T10:14:51.022+0000] {manager.py:758} INFO - There are 0 files in /opt/airflow/dags
[2026-07-13T10:15:21.059+0000] {manager.py:755} INFO - Searching for files in /opt/airflow/dags
[2026-07-13T10:15:21.066+0000] {manager.py:758} INFO - There are 0 files in /opt/airflow/dags
[2026-07-13T10:15:51.135+0000] {manager.py:755} INFO - Searching for files in /opt/airflow/dags
[2026-07-13T10:15:51.135+0000] {manager.py:758} INFO - There are 0 files in /opt/airflow/dags
[2026-07-13T10:16:21.168+0000] {manager.py:755} INFO - Searching for files in /opt/airflow/dags
[2026-07-13T10:16:21.175+0000] {manager.py:758} INFO - There are 0 files in /opt/airflow/dags
[2026-07-13T10:16:51.215+0000] {manager.py:755} INFO - Searching for files in /opt/airflow/dags
[2026-07-13T10:16:51.215+0000] {manager.py:758} INFO - There are 0 files in /opt/airflow/dags
[2026-07-13T10:17:21.266+0000] {manager.py:755} INFO - Searching for files in /opt/airflow/dags
[2026-07-13T10:17:21.267+0000] {manager.py:758} INFO - There are 0 files in /opt/airflow/dags
[2026-07-13T10:17:51.319+0000] {manager.py:755} INFO - Searching for files in /opt/airflow/dags
[2026-07-13T10:17:51.319+0000] {manager.py:758} INFO - There are 0 files in /opt/airflow/dags
[2026-07-13T10:18:21.346+0000] {manager.py:755} INFO - Searching for files in /opt/airflow/dags
[2026-07-13T10:18:21.347+0000] {manager.py:758} INFO - There are 0 files in /opt/airflow/dags
[2026-07-13T10:18:51.414+0000] {manager.py:755} INFO - Searching for files in /opt/airflow/dags
[2026-07-13T10:18:51.415+0000] {manager.py:758} INFO - There are 0 files in /opt/airflow/dags
[2026-07-13T10:19:21.469+0000] {manager.py:755} INFO - Searching for files in /opt/airflow/dags
[2026-07-13T10:19:21.470+0000] {manager.py:758} INFO - There are 0 files in /opt/airflow/dags
[2026-07-13T10:19:51.517+0000] {manager.py:755} INFO - Searching for files in /opt/airflow/dags
[2026-07-13T10:19:51.518+0000] {manager.py:758} INFO - There are 0 files in /opt/airflow/dags
[2026-07-13T10:20:21.564+0000] {manager.py:755} INFO - Searching for files in /opt/airflow/dags
[2026-07-13T10:20:21.565+0000] {manager.py:758} INFO - There are 0 files in /opt/airflow/dags
[2026-07-13T10:20:51.628+0000] {manager.py:755} INFO - Searching for files in /opt/airflow/dags
[2026-07-13T10:20:51.628+0000] {manager.py:758} INFO - There are 0 files in /opt/airflow/dags
[2026-07-13T10:21:21.689+0000] {manager.py:755} INFO - Searching for files in /opt/airflow/dags
[2026-07-13T10:21:21.689+0000] {manager.py:758} INFO - There are 0 files in /opt/airflow/dags
[2026-07-13T10:21:51.715+0000] {manager.py:755} INFO - Searching for files in /opt/airflow/dags
[2026-07-13T10:21:51.715+0000] {manager.py:758} INFO - There are 0 files in /opt/airflow/dags
[2026-07-13T10:22:21.768+0000] {manager.py:755} INFO - Searching for files in /opt/airflow/dags
[2026-07-13T10:22:21.776+0000] {manager.py:758} INFO - There are 0 files in /opt/airflow/dags
[2026-07-13T10:22:51.813+0000] {manager.py:755} INFO - Searching for files in /opt/airflow/dags
[2026-07-13T10:22:51.813+0000] {manager.py:758} INFO - There are 0 files in /opt/airflow/dags
[2026-07-13T10:23:21.895+0000] {manager.py:755} INFO - Searching for files in /opt/airflow/dags
[2026-07-13T10:23:21.903+0000] {manager.py:758} INFO - There are 0 files in /opt/airflow/dags
[2026-07-13T10:23:51.958+0000] {manager.py:755} INFO - Searching for files in /opt/airflow/dags
[2026-07-13T10:23:51.958+0000] {manager.py:758} INFO - There are 0 files in /opt/airflow/dags
[2026-07-13T10:24:22.020+0000] {manager.py:755} INFO - Searching for files in /opt/airflow/dags
[2026-07-13T10:24:22.021+0000] {manager.py:758} INFO - There are 0 files in /opt/airflow/dags
[2026-07-13T10:24:52.075+0000] {manager.py:755} INFO - Searching for files in /opt/airflow/dags
[2026-07-13T10:24:52.076+0000] {manager.py:758} INFO - There are 0 files in /opt/airflow/dags
[2026-07-13T10:25:22.118+0000] {manager.py:755} INFO - Searching for files in /opt/airflow/dags
[2026-07-13T10:25:22.119+0000] {manager.py:758} INFO - There are 0 files in /opt/airflow/dags
[2026-07-13T10:25:52.163+0000] {manager.py:755} INFO - Searching for files in /opt/airflow/dags
[2026-07-13T10:25:52.163+0000] {manager.py:758} INFO - There are 0 files in /opt/airflow/dags
[2026-07-13T10:26:22.200+0000] {manager.py:755} INFO - Searching for files in /opt/airflow/dags
[2026-07-13T10:26:22.208+0000] {manager.py:758} INFO - There are 0 files in /opt/airflow/dags
[2026-07-13T10:26:52.216+0000] {manager.py:755} INFO - Searching for files in /opt/airflow/dags
[2026-07-13T10:26:52.216+0000] {manager.py:758} INFO - There are 0 files in /opt/airflow/dags
[2026-07-13T10:27:22.298+0000] {manager.py:755} INFO - Searching for files in /opt/airflow/dags
[2026-07-13T10:27:22.299+0000] {manager.py:758} INFO - There are 0 files in /opt/airflow/dags
[2026-07-13T10:27:52.364+0000] {manager.py:755} INFO - Searching for files in /opt/airflow/dags
[2026-07-13T10:27:52.365+0000] {manager.py:758} INFO - There are 0 files in /opt/airflow/dags
[2026-07-13T10:28:22.421+0000] {manager.py:755} INFO - Searching for files in /opt/airflow/dags
[2026-07-13T10:28:22.422+0000] {manager.py:758} INFO - There are 0 files in /opt/airflow/dags
[2026-07-13T10:28:52.483+0000] {manager.py:755} INFO - Searching for files in /opt/airflow/dags
[2026-07-13T10:28:52.483+0000] {manager.py:758} INFO - There are 0 files in /opt/airflow/dags
[2026-07-13T10:29:22.520+0000] {manager.py:755} INFO - Searching for files in /opt/airflow/dags
[2026-07-13T10:29:22.522+0000] {manager.py:758} INFO - There are 0 files in /opt/airflow/dags
[2026-07-13T10:29:52.547+0000] {manager.py:755} INFO - Searching for files in /opt/airflow/dags
[2026-07-13T10:29:52.548+0000] {manager.py:758} INFO - There are 0 files in /opt/airflow/dags
[2026-07-13T10:30:22.572+0000] {manager.py:755} INFO - Searching for files in /opt/airflow/dags
[2026-07-13T10:30:22.572+0000] {manager.py:758} INFO - There are 0 files in /opt/airflow/dags
[2026-07-13T10:30:52.609+0000] {manager.py:755} INFO - Searching for files in /opt/airflow/dags
[2026-07-13T10:30:52.610+0000] {manager.py:758} INFO - There are 0 files in /opt/airflow/dags
[2026-07-13T10:31:22.642+0000] {manager.py:755} INFO - Searching for files in /opt/airflow/dags
[2026-07-13T10:31:22.644+0000] {manager.py:758} INFO - There are 0 files in /opt/airflow/dags
[2026-07-13T10:31:52.678+0000] {manager.py:755} INFO - Searching for files in /opt/airflow/dags
[2026-07-13T10:31:52.679+0000] {manager.py:758} INFO - There are 0 files in /opt/airflow/dags
[2026-07-13T10:32:22.699+0000] {manager.py:755} INFO - Searching for files in /opt/airflow/dags
[2026-07-13T10:32:22.700+0000] {manager.py:758} INFO - There are 0 files in /opt/airflow/dags
[2026-07-13T10:32:52.741+0000] {manager.py:755} INFO - Searching for files in /opt/airflow/dags
[2026-07-13T10:32:52.741+0000] {manager.py:758} INFO - There are 0 files in /opt/airflow/dags
[2026-07-13T10:33:22.809+0000] {manager.py:755} INFO - Searching for files in /opt/airflow/dags
[2026-07-13T10:33:22.810+0000] {manager.py:758} INFO - There are 0 files in /opt/airflow/dags
[2026-07-13T10:33:52.843+0000] {manager.py:755} INFO - Searching for files in /opt/airflow/dags
[2026-07-13T10:33:52.844+0000] {manager.py:758} INFO - There are 0 files in /opt/airflow/dags
[2026-07-13T10:34:22.886+0000] {manager.py:755} INFO - Searching for files in /opt/airflow/dags
[2026-07-13T10:34:22.887+0000] {manager.py:758} INFO - There are 0 files in /opt/airflow/dags
[2026-07-13T10:34:52.933+0000] {manager.py:755} INFO - Searching for files in /opt/airflow/dags
[2026-07-13T10:34:52.934+0000] {manager.py:758} INFO - There are 0 files in /opt/airflow/dags
[2026-07-13T10:35:22.966+0000] {manager.py:755} INFO - Searching for files in /opt/airflow/dags
[2026-07-13T10:35:22.966+0000] {manager.py:758} INFO - There are 0 files in /opt/airflow/dags
[2026-07-13T10:35:53.003+0000] {manager.py:755} INFO - Searching for files in /opt/airflow/dags
[2026-07-13T10:35:53.004+0000] {manager.py:758} INFO - There are 0 files in /opt/airflow/dags
[2026-07-13T10:36:23.037+0000] {manager.py:755} INFO - Searching for files in /opt/airflow/dags
[2026-07-13T10:36:23.037+0000] {manager.py:758} INFO - There are 0 files in /opt/airflow/dags
[2026-07-13T10:36:53.075+0000] {manager.py:755} INFO - Searching for files in /opt/airflow/dags
[2026-07-13T10:36:53.075+0000] {manager.py:758} INFO - There are 0 files in /opt/airflow/dags
[2026-07-13T10:37:23.110+0000] {manager.py:755} INFO - Searching for files in /opt/airflow/dags
[2026-07-13T10:37:23.111+0000] {manager.py:758} INFO - There are 0 files in /opt/airflow/dags
[2026-07-13T10:37:53.140+0000] {manager.py:755} INFO - Searching for files in /opt/airflow/dags
[2026-07-13T10:37:53.141+0000] {manager.py:758} INFO - There are 0 files in /opt/airflow/dags
[2026-07-13T10:38:23.181+0000] {manager.py:755} INFO - Searching for files in /opt/airflow/dags
[2026-07-13T10:38:23.182+0000] {manager.py:758} INFO - There are 0 files in /opt/airflow/dags
[2026-07-13T10:38:53.232+0000] {manager.py:755} INFO - Searching for files in /opt/airflow/dags
[2026-07-13T10:38:53.232+0000] {manager.py:758} INFO - There are 0 files in /opt/airflow/dags
[2026-07-13T10:39:23.264+0000] {manager.py:755} INFO - Searching for files in /opt/airflow/dags
[2026-07-13T10:39:23.265+0000] {manager.py:758} INFO - There are 0 files in /opt/airflow/dags
[2026-07-13T10:39:53.297+0000] {manager.py:755} INFO - Searching for files in /opt/airflow/dags
[2026-07-13T10:39:53.297+0000] {manager.py:758} INFO - There are 0 files in /opt/airflow/dags
[2026-07-13T10:40:23.310+0000] {manager.py:755} INFO - Searching for files in /opt/airflow/dags
[2026-07-13T10:40:23.311+0000] {manager.py:758} INFO - There are 0 files in /opt/airflow/dags
[2026-07-13T10:40:53.345+0000] {manager.py:755} INFO - Searching for files in /opt/airflow/dags
[2026-07-13T10:40:53.345+0000] {manager.py:758} INFO - There are 0 files in /opt/airflow/dags
[2026-07-13T10:41:23.380+0000] {manager.py:755} INFO - Searching for files in /opt/airflow/dags
[2026-07-13T10:41:23.380+0000] {manager.py:758} INFO - There are 0 files in /opt/airflow/dags
[2026-07-13T10:41:53.556+0000] {manager.py:755} INFO - Searching for files in /opt/airflow/dags
[2026-07-13T10:41:53.557+0000] {manager.py:758} INFO - There are 0 files in /opt/airflow/dags
[2026-07-13T10:42:23.592+0000] {manager.py:755} INFO - Searching for files in /opt/airflow/dags
[2026-07-13T10:42:23.593+0000] {manager.py:758} INFO - There are 0 files in /opt/airflow/dags
[2026-07-13T10:42:53.619+0000] {manager.py:755} INFO - Searching for files in /opt/airflow/dags
[2026-07-13T10:42:53.619+0000] {manager.py:758} INFO - There are 0 files in /opt/airflow/dags
[2026-07-13T10:43:23.649+0000] {manager.py:755} INFO - Searching for files in /opt/airflow/dags
[2026-07-13T10:43:23.650+0000] {manager.py:758} INFO - There are 0 files in /opt/airflow/dags
[2026-07-13T10:43:53.693+0000] {manager.py:755} INFO - Searching for files in /opt/airflow/dags
[2026-07-13T10:43:53.693+0000] {manager.py:758} INFO - There are 0 files in /opt/airflow/dags
[2026-07-13T10:44:23.710+0000] {manager.py:755} INFO - Searching for files in /opt/airflow/dags
[2026-07-13T10:44:23.711+0000] {manager.py:758} INFO - There are 0 files in /opt/airflow/dags
[2026-07-13T10:44:53.755+0000] {manager.py:755} INFO - Searching for files in /opt/airflow/dags
[2026-07-13T10:44:53.755+0000] {manager.py:758} INFO - There are 0 files in /opt/airflow/dags
[2026-07-13T10:45:23.792+0000] {manager.py:755} INFO - Searching for files in /opt/airflow/dags
[2026-07-13T10:45:23.794+0000] {manager.py:758} INFO - There are 0 files in /opt/airflow/dags
[2026-07-13T10:45:53.844+0000] {manager.py:755} INFO - Searching for files in /opt/airflow/dags
[2026-07-13T10:45:53.844+0000] {manager.py:758} INFO - There are 0 files in /opt/airflow/dags
[2026-07-13T10:46:23.852+0000] {manager.py:755} INFO - Searching for files in /opt/airflow/dags
[2026-07-13T10:46:23.852+0000] {manager.py:758} INFO - There are 0 files in /opt/airflow/dags
[2026-07-13T10:46:53.881+0000] {manager.py:755} INFO - Searching for files in /opt/airflow/dags
[2026-07-13T10:46:53.881+0000] {manager.py:758} INFO - There are 0 files in /opt/airflow/dags
[2026-07-13T10:47:23.892+0000] {manager.py:755} INFO - Searching for files in /opt/airflow/dags
[2026-07-13T10:47:23.894+0000] {manager.py:758} INFO - There are 0 files in /opt/airflow/dags
[2026-07-13T10:47:53.936+0000] {manager.py:755} INFO - Searching for files in /opt/airflow/dags
[2026-07-13T10:47:53.937+0000] {manager.py:758} INFO - There are 0 files in /opt/airflow/dags
[2026-07-13T10:48:23.959+0000] {manager.py:755} INFO - Searching for files in /opt/airflow/dags
[2026-07-13T10:48:23.960+0000] {manager.py:758} INFO - There are 0 files in /opt/airflow/dags
[2026-07-13T10:48:54.042+0000] {manager.py:755} INFO - Searching for files in /opt/airflow/dags
[2026-07-13T10:48:54.042+0000] {manager.py:758} INFO - There are 0 files in /opt/airflow/dags
[2026-07-13T10:49:24.091+0000] {manager.py:755} INFO - Searching for files in /opt/airflow/dags
[2026-07-13T10:49:24.092+0000] {manager.py:758} INFO - There are 0 files in /opt/airflow/dags
[2026-07-13T10:49:54.155+0000] {manager.py:755} INFO - Searching for files in /opt/airflow/dags
[2026-07-13T10:49:54.155+0000] {manager.py:758} INFO - There are 0 files in /opt/airflow/dags
[2026-07-13T10:50:24.190+0000] {manager.py:755} INFO - Searching for files in /opt/airflow/dags
[2026-07-13T10:50:24.198+0000] {manager.py:758} INFO - There are 0 files in /opt/airflow/dags
[2026-07-13T10:50:54.297+0000] {manager.py:755} INFO - Searching for files in /opt/airflow/dags
[2026-07-13T10:50:54.298+0000] {manager.py:758} INFO - There are 0 files in /opt/airflow/dags
[2026-07-13T10:51:24.316+0000] {manager.py:755} INFO - Searching for files in /opt/airflow/dags
[2026-07-13T10:51:24.323+0000] {manager.py:758} INFO - There are 0 files in /opt/airflow/dags
[2026-07-13T10:51:54.365+0000] {manager.py:755} INFO - Searching for files in /opt/airflow/dags
[2026-07-13T10:51:54.366+0000] {manager.py:758} INFO - There are 0 files in /opt/airflow/dags
[2026-07-13T10:52:24.406+0000] {manager.py:755} INFO - Searching for files in /opt/airflow/dags
[2026-07-13T10:52:24.408+0000] {manager.py:758} INFO - There are 0 files in /opt/airflow/dags
[2026-07-13T10:52:54.453+0000] {manager.py:755} INFO - Searching for files in /opt/airflow/dags
[2026-07-13T10:52:54.454+0000] {manager.py:758} INFO - There are 0 files in /opt/airflow/dags
[2026-07-13T10:53:24.486+0000] {manager.py:755} INFO - Searching for files in /opt/airflow/dags
[2026-07-13T10:53:24.493+0000] {manager.py:758} INFO - There are 0 files in /opt/airflow/dags
[2026-07-13T10:53:54.536+0000] {manager.py:755} INFO - Searching for files in /opt/airflow/dags
[2026-07-13T10:53:54.537+0000] {manager.py:758} INFO - There are 0 files in /opt/airflow/dags
[2026-07-13T10:54:24.541+0000] {manager.py:755} INFO - Searching for files in /opt/airflow/dags
[2026-07-13T10:54:24.542+0000] {manager.py:758} INFO - There are 0 files in /opt/airflow/dags
[2026-07-13T10:54:54.581+0000] {manager.py:755} INFO - Searching for files in /opt/airflow/dags
[2026-07-13T10:54:54.581+0000] {manager.py:758} INFO - There are 0 files in /opt/airflow/dags
[2026-07-13T10:55:24.617+0000] {manager.py:755} INFO - Searching for files in /opt/airflow/dags
[2026-07-13T10:55:24.618+0000] {manager.py:758} INFO - There are 0 files in /opt/airflow/dags
[2026-07-13T10:55:54.653+0000] {manager.py:755} INFO - Searching for files in /opt/airflow/dags
[2026-07-13T10:55:54.653+0000] {manager.py:758} INFO - There are 0 files in /opt/airflow/dags
[2026-07-13T10:56:24.655+0000] {manager.py:755} INFO - Searching for files in /opt/airflow/dags
[2026-07-13T10:56:24.656+0000] {manager.py:758} INFO - There are 0 files in /opt/airflow/dags
[2026-07-13T10:56:54.693+0000] {manager.py:755} INFO - Searching for files in /opt/airflow/dags
[2026-07-13T10:56:54.695+0000] {manager.py:758} INFO - There are 0 files in /opt/airflow/dags
[2026-07-13T10:57:24.713+0000] {manager.py:755} INFO - Searching for files in /opt/airflow/dags
[2026-07-13T10:57:24.714+0000] {manager.py:758} INFO - There are 0 files in /opt/airflow/dags
[2026-07-13T10:57:54.756+0000] {manager.py:755} INFO - Searching for files in /opt/airflow/dags
[2026-07-13T10:57:54.758+0000] {manager.py:758} INFO - There are 0 files in /opt/airflow/dags
[2026-07-13T10:58:24.773+0000] {manager.py:755} INFO - Searching for files in /opt/airflow/dags
[2026-07-13T10:58:24.773+0000] {manager.py:758} INFO - There are 0 files in /opt/airflow/dags
[2026-07-13T10:58:54.796+0000] {manager.py:755} INFO - Searching for files in /opt/airflow/dags
[2026-07-13T10:58:54.797+0000] {manager.py:758} INFO - There are 0 files in /opt/airflow/dags
[2026-07-13T10:59:24.813+0000] {manager.py:755} INFO - Searching for files in /opt/airflow/dags
[2026-07-13T10:59:24.813+0000] {manager.py:758} INFO - There are 0 files in /opt/airflow/dags
[2026-07-13T10:59:54.844+0000] {manager.py:755} INFO - Searching for files in /opt/airflow/dags
[2026-07-13T10:59:54.846+0000] {manager.py:758} INFO - There are 0 files in /opt/airflow/dags
[2026-07-13T11:00:24.882+0000] {manager.py:755} INFO - Searching for files in /opt/airflow/dags
[2026-07-13T11:00:24.882+0000] {manager.py:758} INFO - There are 0 files in /opt/airflow/dags
[2026-07-13T11:00:54.924+0000] {manager.py:755} INFO - Searching for files in /opt/airflow/dags
[2026-07-13T11:00:54.926+0000] {manager.py:758} INFO - There are 0 files in /opt/airflow/dags
[2026-07-13T11:01:24.951+0000] {manager.py:755} INFO - Searching for files in /opt/airflow/dags
[2026-07-13T11:01:24.951+0000] {manager.py:758} INFO - There are 0 files in /opt/airflow/dags
[2026-07-13T11:01:54.972+0000] {manager.py:755} INFO - Searching for files in /opt/airflow/dags
[2026-07-13T11:01:54.974+0000] {manager.py:758} INFO - There are 0 files in /opt/airflow/dags
[2026-07-13T11:02:25.002+0000] {manager.py:755} INFO - Searching for files in /opt/airflow/dags
[2026-07-13T11:02:25.003+0000] {manager.py:758} INFO - There are 0 files in /opt/airflow/dags
[2026-07-13T11:02:55.032+0000] {manager.py:755} INFO - Searching for files in /opt/airflow/dags
[2026-07-13T11:02:55.034+0000] {manager.py:758} INFO - There are 0 files in /opt/airflow/dags
[2026-07-13T11:03:25.035+0000] {manager.py:755} INFO - Searching for files in /opt/airflow/dags
[2026-07-13T11:03:25.036+0000] {manager.py:758} INFO - There are 0 files in /opt/airflow/dags
[2026-07-13T11:03:55.045+0000] {manager.py:755} INFO - Searching for files in /opt/airflow/dags
[2026-07-13T11:03:55.048+0000] {manager.py:758} INFO - There are 0 files in /opt/airflow/dags
[2026-07-13T11:04:25.057+0000] {manager.py:755} INFO - Searching for files in /opt/airflow/dags
[2026-07-13T11:04:25.058+0000] {manager.py:758} INFO - There are 0 files in /opt/airflow/dags
[2026-07-13T11:04:55.101+0000] {manager.py:755} INFO - Searching for files in /opt/airflow/dags
[2026-07-13T11:04:55.101+0000] {manager.py:758} INFO - There are 0 files in /opt/airflow/dags
[2026-07-13T11:05:25.113+0000] {manager.py:755} INFO - Searching for files in /opt/airflow/dags
[2026-07-13T11:05:25.114+0000] {manager.py:758} INFO - There are 0 files in /opt/airflow/dags
[2026-07-13T11:05:55.130+0000] {manager.py:755} INFO - Searching for files in /opt/airflow/dags
[2026-07-13T11:05:55.133+0000] {manager.py:758} INFO - There are 0 files in /opt/airflow/dags
[2026-07-13T11:06:25.152+0000] {manager.py:755} INFO - Searching for files in /opt/airflow/dags
[2026-07-13T11:06:25.152+0000] {manager.py:758} INFO - There are 0 files in /opt/airflow/dags
[2026-07-13T11:06:55.163+0000] {manager.py:755} INFO - Searching for files in /opt/airflow/dags
[2026-07-13T11:06:55.165+0000] {manager.py:758} INFO - There are 0 files in /opt/airflow/dags
[2026-07-13T11:07:25.168+0000] {manager.py:755} INFO - Searching for files in /opt/airflow/dags
[2026-07-13T11:07:25.169+0000] {manager.py:758} INFO - There are 0 files in /opt/airflow/dags
[2026-07-13T11:07:55.187+0000] {manager.py:755} INFO - Searching for files in /opt/airflow/dags
[2026-07-13T11:07:55.189+0000] {manager.py:758} INFO - There are 0 files in /opt/airflow/dags
[2026-07-14T09:02:08.984+0000] {manager.py:487} INFO - Processing files using up to 2 processes at a time 
[2026-07-14T09:02:08.985+0000] {manager.py:488} INFO - Process each file at most once every 30 seconds
[2026-07-14T09:02:08.985+0000] {manager.py:489} INFO - Checking for new files in /opt/airflow/dags every 30 seconds
[2026-07-14T09:02:08.985+0000] {manager.py:755} INFO - Searching for files in /opt/airflow/dags
[2026-07-14T09:02:08.986+0000] {manager.py:758} INFO - There are 0 files in /opt/airflow/dags
[2026-07-14T09:02:39.933+0000] {manager.py:755} INFO - Searching for files in /opt/airflow/dags
[2026-07-14T09:02:39.934+0000] {manager.py:758} INFO - There are 0 files in /opt/airflow/dags
[2026-07-14T09:03:10.911+0000] {manager.py:755} INFO - Searching for files in /opt/airflow/dags
[2026-07-14T09:03:10.912+0000] {manager.py:758} INFO - There are 0 files in /opt/airflow/dags
[2026-07-14T09:03:41.875+0000] {manager.py:755} INFO - Searching for files in /opt/airflow/dags
[2026-07-14T09:03:41.876+0000] {manager.py:758} INFO - There are 0 files in /opt/airflow/dags
[2026-07-14T09:04:12.858+0000] {manager.py:755} INFO - Searching for files in /opt/airflow/dags
[2026-07-14T09:04:12.858+0000] {manager.py:758} INFO - There are 0 files in /opt/airflow/dags
[2026-07-14T09:04:43.779+0000] {manager.py:755} INFO - Searching for files in /opt/airflow/dags
[2026-07-14T09:04:43.779+0000] {manager.py:758} INFO - There are 0 files in /opt/airflow/dags
[2026-07-14T09:05:14.739+0000] {manager.py:755} INFO - Searching for files in /opt/airflow/dags
[2026-07-14T09:05:14.740+0000] {manager.py:758} INFO - There are 0 files in /opt/airflow/dags
[2026-07-14T09:05:45.720+0000] {manager.py:755} INFO - Searching for files in /opt/airflow/dags
[2026-07-14T09:05:45.720+0000] {manager.py:758} INFO - There are 0 files in /opt/airflow/dags
[2026-07-14T09:06:16.658+0000] {manager.py:755} INFO - Searching for files in /opt/airflow/dags
[2026-07-14T09:06:16.658+0000] {manager.py:758} INFO - There are 0 files in /opt/airflow/dags
[2026-07-14T09:06:47.601+0000] {manager.py:755} INFO - Searching for files in /opt/airflow/dags
[2026-07-14T09:06:47.601+0000] {manager.py:758} INFO - There are 0 files in /opt/airflow/dags
[2026-07-14T09:07:18.599+0000] {manager.py:755} INFO - Searching for files in /opt/airflow/dags
[2026-07-14T09:07:18.600+0000] {manager.py:758} INFO - There are 0 files in /opt/airflow/dags
[2026-07-14T09:07:49.518+0000] {manager.py:755} INFO - Searching for files in /opt/airflow/dags
[2026-07-14T09:07:49.519+0000] {manager.py:758} INFO - There are 0 files in /opt/airflow/dags
[2026-07-14T09:08:20.473+0000] {manager.py:755} INFO - Searching for files in /opt/airflow/dags
[2026-07-14T09:08:20.474+0000] {manager.py:758} INFO - There are 0 files in /opt/airflow/dags
[2026-07-14T09:08:51.405+0000] {manager.py:755} INFO - Searching for files in /opt/airflow/dags
[2026-07-14T09:08:51.406+0000] {manager.py:758} INFO - There are 0 files in /opt/airflow/dags
[2026-07-14T09:09:22.394+0000] {manager.py:755} INFO - Searching for files in /opt/airflow/dags
[2026-07-14T09:09:22.394+0000] {manager.py:758} INFO - There are 0 files in /opt/airflow/dags
[2026-07-14T09:09:54.326+0000] {manager.py:755} INFO - Searching for files in /opt/airflow/dags
[2026-07-14T09:09:54.326+0000] {manager.py:758} INFO - There are 0 files in /opt/airflow/dags
[2026-07-14T09:10:26.284+0000] {manager.py:755} INFO - Searching for files in /opt/airflow/dags
[2026-07-14T09:10:26.285+0000] {manager.py:758} INFO - There are 0 files in /opt/airflow/dags
[2026-07-14T09:10:58.224+0000] {manager.py:755} INFO - Searching for files in /opt/airflow/dags
[2026-07-14T09:10:58.225+0000] {manager.py:758} INFO - There are 0 files in /opt/airflow/dags
[2026-07-14T09:11:30.212+0000] {manager.py:755} INFO - Searching for files in /opt/airflow/dags
[2026-07-14T09:11:30.212+0000] {manager.py:758} INFO - There are 0 files in /opt/airflow/dags
[2026-07-14T09:12:02.147+0000] {manager.py:755} INFO - Searching for files in /opt/airflow/dags
[2026-07-14T09:12:02.148+0000] {manager.py:758} INFO - There are 0 files in /opt/airflow/dags
[2026-07-14T09:12:34.093+0000] {manager.py:755} INFO - Searching for files in /opt/airflow/dags
[2026-07-14T09:12:34.093+0000] {manager.py:758} INFO - There are 0 files in /opt/airflow/dags
[2026-07-14T09:13:04.106+0000] {manager.py:755} INFO - Searching for files in /opt/airflow/dags
[2026-07-14T09:13:04.107+0000] {manager.py:758} INFO - There are 0 files in /opt/airflow/dags
[2026-07-14T09:13:34.203+0000] {manager.py:755} INFO - Searching for files in /opt/airflow/dags
[2026-07-14T09:13:34.203+0000] {manager.py:758} INFO - There are 0 files in /opt/airflow/dags
[2026-07-14T09:14:05.182+0000] {manager.py:755} INFO - Searching for files in /opt/airflow/dags
[2026-07-14T09:14:05.183+0000] {manager.py:758} INFO - There are 0 files in /opt/airflow/dags
[2026-07-14T09:14:36.107+0000] {manager.py:755} INFO - Searching for files in /opt/airflow/dags
[2026-07-14T09:14:36.108+0000] {manager.py:758} INFO - There are 0 files in /opt/airflow/dags
[2026-07-14T09:15:07.062+0000] {manager.py:755} INFO - Searching for files in /opt/airflow/dags
[2026-07-14T09:15:07.063+0000] {manager.py:758} INFO - There are 0 files in /opt/airflow/dags
[2026-07-14T09:15:37.992+0000] {manager.py:755} INFO - Searching for files in /opt/airflow/dags
[2026-07-14T09:15:37.992+0000] {manager.py:758} INFO - There are 0 files in /opt/airflow/dags
[2026-07-14T09:16:08.009+0000] {manager.py:755} INFO - Searching for files in /opt/airflow/dags
[2026-07-14T09:16:08.010+0000] {manager.py:758} INFO - There are 0 files in /opt/airflow/dags
[2026-07-14T09:16:38.928+0000] {manager.py:755} INFO - Searching for files in /opt/airflow/dags
[2026-07-14T09:16:38.935+0000] {manager.py:758} INFO - There are 0 files in /opt/airflow/dags
[2026-07-14T09:17:09.859+0000] {manager.py:755} INFO - Searching for files in /opt/airflow/dags
[2026-07-14T09:17:09.860+0000] {manager.py:758} INFO - There are 0 files in /opt/airflow/dags
[2026-07-14T09:17:40.817+0000] {manager.py:755} INFO - Searching for files in /opt/airflow/dags
[2026-07-14T09:17:40.817+0000] {manager.py:758} INFO - There are 0 files in /opt/airflow/dags
[2026-07-14T09:18:11.799+0000] {manager.py:755} INFO - Searching for files in /opt/airflow/dags
[2026-07-14T09:18:11.800+0000] {manager.py:758} INFO - There are 0 files in /opt/airflow/dags
[2026-07-14T09:18:42.715+0000] {manager.py:755} INFO - Searching for files in /opt/airflow/dags
[2026-07-14T09:18:42.715+0000] {manager.py:758} INFO - There are 0 files in /opt/airflow/dags
[2026-07-14T09:19:13.648+0000] {manager.py:755} INFO - Searching for files in /opt/airflow/dags
[2026-07-14T09:19:13.649+0000] {manager.py:758} INFO - There are 0 files in /opt/airflow/dags
[2026-07-14T09:19:44.620+0000] {manager.py:755} INFO - Searching for files in /opt/airflow/dags
[2026-07-14T09:19:44.627+0000] {manager.py:758} INFO - There are 0 files in /opt/airflow/dags
[2026-07-14T09:20:15.575+0000] {manager.py:755} INFO - Searching for files in /opt/airflow/dags
[2026-07-14T09:20:15.575+0000] {manager.py:758} INFO - There are 0 files in /opt/airflow/dags
[2026-07-14T09:20:46.442+0000] {manager.py:755} INFO - Searching for files in /opt/airflow/dags
[2026-07-14T09:20:46.442+0000] {manager.py:758} INFO - There are 0 files in /opt/airflow/dags
[2026-07-14T09:21:17.437+0000] {manager.py:755} INFO - Searching for files in /opt/airflow/dags
[2026-07-14T09:21:17.438+0000] {manager.py:758} INFO - There are 0 files in /opt/airflow/dags
[2026-07-14T09:21:48.351+0000] {manager.py:755} INFO - Searching for files in /opt/airflow/dags
[2026-07-14T09:21:48.358+0000] {manager.py:758} INFO - There are 0 files in /opt/airflow/dags
[2026-07-14T09:22:18.355+0000] {manager.py:755} INFO - Searching for files in /opt/airflow/dags
[2026-07-14T09:22:18.355+0000] {manager.py:758} INFO - There are 0 files in /opt/airflow/dags
[2026-07-14T09:22:49.264+0000] {manager.py:755} INFO - Searching for files in /opt/airflow/dags
[2026-07-14T09:22:49.266+0000] {manager.py:758} INFO - There are 0 files in /opt/airflow/dags
[2026-07-14T09:23:20.159+0000] {manager.py:755} INFO - Searching for files in /opt/airflow/dags
[2026-07-14T09:23:20.160+0000] {manager.py:758} INFO - There are 0 files in /opt/airflow/dags
[2026-07-14T09:23:51.150+0000] {manager.py:755} INFO - Searching for files in /opt/airflow/dags
[2026-07-14T09:23:51.150+0000] {manager.py:758} INFO - There are 0 files in /opt/airflow/dags
[2026-07-14T09:24:22.112+0000] {manager.py:755} INFO - Searching for files in /opt/airflow/dags
[2026-07-14T09:24:22.113+0000] {manager.py:758} INFO - There are 0 files in /opt/airflow/dags
[2026-07-14T09:24:53.009+0000] {manager.py:755} INFO - Searching for files in /opt/airflow/dags
[2026-07-14T09:24:53.009+0000] {manager.py:758} INFO - There are 0 files in /opt/airflow/dags
[2026-07-14T09:25:23.927+0000] {manager.py:755} INFO - Searching for files in /opt/airflow/dags
[2026-07-14T09:25:23.928+0000] {manager.py:758} INFO - There are 0 files in /opt/airflow/dags
[2026-07-14T09:25:54.870+0000] {manager.py:755} INFO - Searching for files in /opt/airflow/dags
[2026-07-14T09:25:54.871+0000] {manager.py:758} INFO - There are 0 files in /opt/airflow/dags
[2026-07-14T09:26:25.835+0000] {manager.py:755} INFO - Searching for files in /opt/airflow/dags
[2026-07-14T09:26:25.842+0000] {manager.py:758} INFO - There are 0 files in /opt/airflow/dags
[2026-07-14T09:26:56.758+0000] {manager.py:755} INFO - Searching for files in /opt/airflow/dags
[2026-07-14T09:26:56.759+0000] {manager.py:758} INFO - There are 0 files in /opt/airflow/dags
[2026-07-14T09:27:27.660+0000] {manager.py:755} INFO - Searching for files in /opt/airflow/dags
[2026-07-14T09:27:27.661+0000] {manager.py:758} INFO - There are 0 files in /opt/airflow/dags
[2026-07-14T09:27:58.575+0000] {manager.py:755} INFO - Searching for files in /opt/airflow/dags
[2026-07-14T09:27:58.575+0000] {manager.py:758} INFO - There are 0 files in /opt/airflow/dags
[2026-07-14T09:28:29.520+0000] {manager.py:755} INFO - Searching for files in /opt/airflow/dags
[2026-07-14T09:28:29.527+0000] {manager.py:758} INFO - There are 0 files in /opt/airflow/dags
[2026-07-14T09:29:00.442+0000] {manager.py:755} INFO - Searching for files in /opt/airflow/dags
[2026-07-14T09:29:00.443+0000] {manager.py:758} INFO - There are 0 files in /opt/airflow/dags
[2026-07-14T09:29:32.349+0000] {manager.py:755} INFO - Searching for files in /opt/airflow/dags
[2026-07-14T09:29:32.349+0000] {manager.py:758} INFO - There are 0 files in /opt/airflow/dags
[2026-07-14T09:30:04.250+0000] {manager.py:755} INFO - Searching for files in /opt/airflow/dags
[2026-07-14T09:30:04.251+0000] {manager.py:758} INFO - There are 0 files in /opt/airflow/dags
[2026-07-14T09:30:36.212+0000] {manager.py:755} INFO - Searching for files in /opt/airflow/dags
[2026-07-14T09:30:36.213+0000] {manager.py:758} INFO - There are 0 files in /opt/airflow/dags
[2026-07-14T09:31:08.122+0000] {manager.py:755} INFO - Searching for files in /opt/airflow/dags
[2026-07-14T09:31:08.122+0000] {manager.py:758} INFO - There are 0 files in /opt/airflow/dags
[2026-07-14T09:31:40.025+0000] {manager.py:755} INFO - Searching for files in /opt/airflow/dags
[2026-07-14T09:31:40.026+0000] {manager.py:758} INFO - There are 0 files in /opt/airflow/dags
[2026-07-14T09:32:11.968+0000] {manager.py:755} INFO - Searching for files in /opt/airflow/dags
[2026-07-14T09:32:11.968+0000] {manager.py:758} INFO - There are 0 files in /opt/airflow/dags
[2026-07-14T09:32:43.889+0000] {manager.py:755} INFO - Searching for files in /opt/airflow/dags
[2026-07-14T09:32:43.889+0000] {manager.py:758} INFO - There are 0 files in /opt/airflow/dags
[2026-07-14T09:33:15.830+0000] {manager.py:755} INFO - Searching for files in /opt/airflow/dags
[2026-07-14T09:33:15.831+0000] {manager.py:758} INFO - There are 0 files in /opt/airflow/dags
[2026-07-14T09:33:47.741+0000] {manager.py:755} INFO - Searching for files in /opt/airflow/dags
[2026-07-14T09:33:47.741+0000] {manager.py:758} INFO - There are 0 files in /opt/airflow/dags
[2026-07-14T09:34:18.652+0000] {manager.py:755} INFO - Searching for files in /opt/airflow/dags
[2026-07-14T09:34:18.652+0000] {manager.py:758} INFO - There are 0 files in /opt/airflow/dags
[2026-07-14T09:34:50.595+0000] {manager.py:755} INFO - Searching for files in /opt/airflow/dags
[2026-07-14T09:34:50.596+0000] {manager.py:758} INFO - There are 0 files in /opt/airflow/dags
[2026-07-14T09:35:22.529+0000] {manager.py:755} INFO - Searching for files in /opt/airflow/dags
[2026-07-14T09:35:22.530+0000] {manager.py:758} INFO - There are 0 files in /opt/airflow/dags
[2026-07-14T09:35:54.413+0000] {manager.py:755} INFO - Searching for files in /opt/airflow/dags
[2026-07-14T09:35:54.414+0000] {manager.py:758} INFO - There are 0 files in /opt/airflow/dags
[2026-07-14T09:36:26.352+0000] {manager.py:755} INFO - Searching for files in /opt/airflow/dags
[2026-07-14T09:36:26.352+0000] {manager.py:758} INFO - There are 0 files in /opt/airflow/dags
[2026-07-14T09:36:58.282+0000] {manager.py:755} INFO - Searching for files in /opt/airflow/dags
[2026-07-14T09:36:58.283+0000] {manager.py:758} INFO - There are 0 files in /opt/airflow/dags
[2026-07-14T09:37:30.237+0000] {manager.py:755} INFO - Searching for files in /opt/airflow/dags
[2026-07-14T09:37:30.238+0000] {manager.py:758} INFO - There are 0 files in /opt/airflow/dags
[2026-07-14T09:38:02.133+0000] {manager.py:755} INFO - Searching for files in /opt/airflow/dags
[2026-07-14T09:38:02.134+0000] {manager.py:758} INFO - There are 0 files in /opt/airflow/dags
[2026-07-14T09:38:34.054+0000] {manager.py:755} INFO - Searching for files in /opt/airflow/dags
[2026-07-14T09:38:34.055+0000] {manager.py:758} INFO - There are 0 files in /opt/airflow/dags
[2026-07-14T09:39:05.980+0000] {manager.py:755} INFO - Searching for files in /opt/airflow/dags
[2026-07-14T09:39:05.980+0000] {manager.py:758} INFO - There are 0 files in /opt/airflow/dags
[2026-07-14T09:39:36.928+0000] {manager.py:755} INFO - Searching for files in /opt/airflow/dags
[2026-07-14T09:39:36.928+0000] {manager.py:758} INFO - There are 0 files in /opt/airflow/dags
[2026-07-14T09:40:08.800+0000] {manager.py:755} INFO - Searching for files in /opt/airflow/dags
[2026-07-14T09:40:08.800+0000] {manager.py:758} INFO - There are 0 files in /opt/airflow/dags
[2026-07-14T09:40:40.722+0000] {manager.py:755} INFO - Searching for files in /opt/airflow/dags
[2026-07-14T09:40:40.724+0000] {manager.py:758} INFO - There are 0 files in /opt/airflow/dags
[2026-07-14T09:41:12.653+0000] {manager.py:755} INFO - Searching for files in /opt/airflow/dags
[2026-07-14T09:41:12.654+0000] {manager.py:758} INFO - There are 0 files in /opt/airflow/dags
[2026-07-14T09:41:44.587+0000] {manager.py:755} INFO - Searching for files in /opt/airflow/dags
[2026-07-14T09:41:44.587+0000] {manager.py:758} INFO - There are 0 files in /opt/airflow/dags
[2026-07-14T09:42:16.486+0000] {manager.py:755} INFO - Searching for files in /opt/airflow/dags
[2026-07-14T09:42:16.488+0000] {manager.py:758} INFO - There are 0 files in /opt/airflow/dags
[2026-07-14T09:42:48.398+0000] {manager.py:755} INFO - Searching for files in /opt/airflow/dags
[2026-07-14T09:42:48.398+0000] {manager.py:758} INFO - There are 0 files in /opt/airflow/dags
[2026-07-14T09:43:20.332+0000] {manager.py:755} INFO - Searching for files in /opt/airflow/dags
[2026-07-14T09:43:20.340+0000] {manager.py:758} INFO - There are 0 files in /opt/airflow/dags
[2026-07-14T09:43:52.259+0000] {manager.py:755} INFO - Searching for files in /opt/airflow/dags
[2026-07-14T09:43:52.260+0000] {manager.py:758} INFO - There are 0 files in /opt/airflow/dags
[2026-07-14T09:44:24.171+0000] {manager.py:755} INFO - Searching for files in /opt/airflow/dags
[2026-07-14T09:44:24.172+0000] {manager.py:758} INFO - There are 0 files in /opt/airflow/dags
[2026-07-14T09:44:56.051+0000] {manager.py:755} INFO - Searching for files in /opt/airflow/dags
[2026-07-14T09:44:56.051+0000] {manager.py:758} INFO - There are 0 files in /opt/airflow/dags
[2026-07-14T09:45:26.999+0000] {manager.py:755} INFO - Searching for files in /opt/airflow/dags
[2026-07-14T09:45:27.000+0000] {manager.py:758} INFO - There are 0 files in /opt/airflow/dags
[2026-07-14T09:45:58.930+0000] {manager.py:755} INFO - Searching for files in /opt/airflow/dags
[2026-07-14T09:45:58.930+0000] {manager.py:758} INFO - There are 0 files in /opt/airflow/dags
[2026-07-14T09:46:30.817+0000] {manager.py:755} INFO - Searching for files in /opt/airflow/dags
[2026-07-14T09:46:30.819+0000] {manager.py:758} INFO - There are 0 files in /opt/airflow/dags
[2026-07-14T09:47:02.731+0000] {manager.py:755} INFO - Searching for files in /opt/airflow/dags
[2026-07-14T09:47:02.731+0000] {manager.py:758} INFO - There are 0 files in /opt/airflow/dags
[2026-07-14T09:47:34.649+0000] {manager.py:755} INFO - Searching for files in /opt/airflow/dags
[2026-07-14T09:47:34.650+0000] {manager.py:758} INFO - There are 0 files in /opt/airflow/dags
[2026-07-14T09:48:06.554+0000] {manager.py:755} INFO - Searching for files in /opt/airflow/dags
[2026-07-14T09:48:06.555+0000] {manager.py:758} INFO - There are 0 files in /opt/airflow/dags
[2026-07-14T09:48:38.463+0000] {manager.py:755} INFO - Searching for files in /opt/airflow/dags
[2026-07-14T09:48:38.465+0000] {manager.py:758} INFO - There are 0 files in /opt/airflow/dags
[2026-07-14T09:49:10.391+0000] {manager.py:755} INFO - Searching for files in /opt/airflow/dags
[2026-07-14T09:49:10.391+0000] {manager.py:758} INFO - There are 0 files in /opt/airflow/dags
[2026-07-14T09:49:42.301+0000] {manager.py:755} INFO - Searching for files in /opt/airflow/dags
[2026-07-14T09:49:42.303+0000] {manager.py:758} INFO - There are 0 files in /opt/airflow/dags
[2026-07-14T09:50:13.213+0000] {manager.py:755} INFO - Searching for files in /opt/airflow/dags
[2026-07-14T09:50:13.214+0000] {manager.py:758} INFO - There are 0 files in /opt/airflow/dags
[2026-07-14T09:50:45.095+0000] {manager.py:755} INFO - Searching for files in /opt/airflow/dags
[2026-07-14T09:50:45.095+0000] {manager.py:758} INFO - There are 0 files in /opt/airflow/dags
[2026-07-14T09:51:17.041+0000] {manager.py:755} INFO - Searching for files in /opt/airflow/dags
[2026-07-14T09:51:17.044+0000] {manager.py:758} INFO - There are 0 files in /opt/airflow/dags
[2026-07-14T09:51:48.919+0000] {manager.py:755} INFO - Searching for files in /opt/airflow/dags
[2026-07-14T09:51:48.920+0000] {manager.py:758} INFO - There are 0 files in /opt/airflow/dags
[2026-07-14T09:52:20.835+0000] {manager.py:755} INFO - Searching for files in /opt/airflow/dags
[2026-07-14T09:52:20.837+0000] {manager.py:758} INFO - There are 0 files in /opt/airflow/dags
[2026-07-14T09:52:52.794+0000] {manager.py:755} INFO - Searching for files in /opt/airflow/dags
[2026-07-14T09:52:52.794+0000] {manager.py:758} INFO - There are 0 files in /opt/airflow/dags
[2026-07-14T09:53:24.702+0000] {manager.py:755} INFO - Searching for files in /opt/airflow/dags
[2026-07-14T09:53:24.704+0000] {manager.py:758} INFO - There are 0 files in /opt/airflow/dags
[2026-07-14T09:53:56.580+0000] {manager.py:755} INFO - Searching for files in /opt/airflow/dags
[2026-07-14T09:53:56.581+0000] {manager.py:758} INFO - There are 0 files in /opt/airflow/dags
[2026-07-14T09:54:28.488+0000] {manager.py:755} INFO - Searching for files in /opt/airflow/dags
[2026-07-14T09:54:28.496+0000] {manager.py:758} INFO - There are 0 files in /opt/airflow/dags
[2026-07-14T09:55:00.431+0000] {manager.py:755} INFO - Searching for files in /opt/airflow/dags
[2026-07-14T09:55:00.431+0000] {manager.py:758} INFO - There are 0 files in /opt/airflow/dags
[2026-07-14T09:55:31.360+0000] {manager.py:755} INFO - Searching for files in /opt/airflow/dags
[2026-07-14T09:55:31.360+0000] {manager.py:758} INFO - There are 0 files in /opt/airflow/dags
[2026-07-14T09:56:03.256+0000] {manager.py:755} INFO - Searching for files in /opt/airflow/dags
[2026-07-14T09:56:03.256+0000] {manager.py:758} INFO - There are 0 files in /opt/airflow/dags
[2026-07-14T09:56:35.151+0000] {manager.py:755} INFO - Searching for files in /opt/airflow/dags
[2026-07-14T09:56:35.158+0000] {manager.py:758} INFO - There are 0 files in /opt/airflow/dags
[2026-07-14T09:57:07.081+0000] {manager.py:755} INFO - Searching for files in /opt/airflow/dags
[2026-07-14T09:57:07.081+0000] {manager.py:758} INFO - There are 0 files in /opt/airflow/dags
[2026-07-14T09:57:39.008+0000] {manager.py:755} INFO - Searching for files in /opt/airflow/dags
[2026-07-14T09:57:39.008+0000] {manager.py:758} INFO - There are 0 files in /opt/airflow/dags
[2026-07-14T09:58:10.898+0000] {manager.py:755} INFO - Searching for files in /opt/airflow/dags
[2026-07-14T09:58:10.899+0000] {manager.py:758} INFO - There are 0 files in /opt/airflow/dags
[2026-07-14T09:58:42.790+0000] {manager.py:755} INFO - Searching for files in /opt/airflow/dags
[2026-07-14T09:58:42.791+0000] {manager.py:758} INFO - There are 0 files in /opt/airflow/dags
[2026-07-14T09:59:14.719+0000] {manager.py:755} INFO - Searching for files in /opt/airflow/dags
[2026-07-14T09:59:14.719+0000] {manager.py:758} INFO - There are 0 files in /opt/airflow/dags
[2026-07-14T09:59:46.645+0000] {manager.py:755} INFO - Searching for files in /opt/airflow/dags
[2026-07-14T09:59:46.645+0000] {manager.py:758} INFO - There are 0 files in /opt/airflow/dags
[2026-07-14T10:00:18.542+0000] {manager.py:755} INFO - Searching for files in /opt/airflow/dags
[2026-07-14T10:00:18.544+0000] {manager.py:758} INFO - There are 0 files in /opt/airflow/dags
[2026-07-14T10:00:49.434+0000] {manager.py:755} INFO - Searching for files in /opt/airflow/dags
[2026-07-14T10:00:49.435+0000] {manager.py:758} INFO - There are 0 files in /opt/airflow/dags
[2026-07-14T10:01:21.357+0000] {manager.py:755} INFO - Searching for files in /opt/airflow/dags
[2026-07-14T10:01:21.357+0000] {manager.py:758} INFO - There are 0 files in /opt/airflow/dags
[2026-07-14T10:01:53.262+0000] {manager.py:755} INFO - Searching for files in /opt/airflow/dags
[2026-07-14T10:01:53.262+0000] {manager.py:758} INFO - There are 0 files in /opt/airflow/dags
[2026-07-14T10:02:25.181+0000] {manager.py:755} INFO - Searching for files in /opt/airflow/dags
[2026-07-14T10:02:25.183+0000] {manager.py:758} INFO - There are 0 files in /opt/airflow/dags
[2026-07-14T10:02:57.094+0000] {manager.py:755} INFO - Searching for files in /opt/airflow/dags
[2026-07-14T10:02:57.094+0000] {manager.py:758} INFO - There are 0 files in /opt/airflow/dags
[2026-07-14T10:03:28.997+0000] {manager.py:755} INFO - Searching for files in /opt/airflow/dags
[2026-07-14T10:03:28.998+0000] {manager.py:758} INFO - There are 0 files in /opt/airflow/dags
[2026-07-14T10:04:00.921+0000] {manager.py:755} INFO - Searching for files in /opt/airflow/dags
[2026-07-14T10:04:00.921+0000] {manager.py:758} INFO - There are 0 files in /opt/airflow/dags
[2026-07-14T10:04:32.818+0000] {manager.py:755} INFO - Searching for files in /opt/airflow/dags
[2026-07-14T10:04:32.819+0000] {manager.py:758} INFO - There are 0 files in /opt/airflow/dags
[2026-07-14T10:05:04.707+0000] {manager.py:755} INFO - Searching for files in /opt/airflow/dags
[2026-07-14T10:05:04.707+0000] {manager.py:758} INFO - There are 0 files in /opt/airflow/dags
[2026-07-14T10:05:36.614+0000] {manager.py:755} INFO - Searching for files in /opt/airflow/dags
[2026-07-14T10:05:36.615+0000] {manager.py:758} INFO - There are 0 files in /opt/airflow/dags
